This is pdfTeX, Version 3.141592653-2.6-1.40.24 (TeX Live 2022) (preloaded format=pdflatex 2022.5.1)  1 MAY 2022 12:34
entering extended mode
 restricted \write18 enabled.
 %&-line parsing enabled.
**title.sty
(./title.sty
LaTeX2e <2021-11-15> patch level 1
L3 programming layer <2022-04-29>

! LaTeX Error: \begin{document} ended by \end{center}.

See the LaTeX manual or LaTeX Companion for explanation.
Type  H <return>  for immediate help.
 ...                                              
                                                  
l.7 \end{center}
                
Your command was ignored.
Type  I <command> <return>  to replace it with another command,
or  <return>  to continue without it.

! Extra \endgroup.
<recently read> \endgroup 
                          
l.7 \end{center}
                
Things are pretty mixed up, but I think the worst is over.

)
! Emergency stop.
<*> title.sty
             
*** (job aborted, no legal \end found)

 
Here is how much of TeX's memory you used:
 16 strings out of 480265
 374 string characters out of 5893054
 284785 words of memory out of 5000000
 18035 multiletter control sequences out of 15000+600000
 469259 words of font info for 28 fonts, out of 8000000 for 9000
 14 hyphenation exceptions out of 8191
 13i,0n,12p,85b,14s stack positions out of 10000i,1000n,20000p,200000b,200000s
!  ==> Fatal error occurred, no output PDF file produced!
